Using pre-set license
Built from '2021.2/staging' branch; Version is '2021.2.6f1 (8c4e826ba445) revision 9195138'; Using compiler version '192829333'; Build Type 'Release'
OS: 'Windows 10  (10.0.18363) 64bit ProfessionalEducation' Language: 'fr' Physical Memory: 32481 MB
BatchMode: 1, IsHumanControllingUs: 0, StartBugReporterOnCrash: 0, Is64bit: 1, IsPro: 0

COMMAND LINE ARGUMENTS:
<<<<<<< Updated upstream
<<<<<<< HEAD
C:\Program Files\Unity 2021.2.6f1\Editor\Unity.exe
=======
C:\Program Files\Unity\Hub\Editor\2021.2.6f1\Editor\Unity.exe
>>>>>>> main
=======
C:\Program Files\Unity 2021.2.6f1\Editor\Unity.exe
>>>>>>> Stashed changes
-adb2
-batchMode
-noUpm
-name
AssetImportWorker0
-projectPath
<<<<<<< Updated upstream
<<<<<<< HEAD
C:/Users/amarcell/Documents/un/sgrlLab/v1
-logFile
Logs/AssetImportWorker0.log
-srvPort
63882
Successfully changed project path to: C:/Users/amarcell/Documents/un/sgrlLab/v1
C:/Users/amarcell/Documents/un/sgrlLab/v1
=======
C:/Users/gviau/Documents/Unity/sgrlLab/v1
-logFile
Logs/AssetImportWorker0.log
-srvPort
56254
Successfully changed project path to: C:/Users/gviau/Documents/Unity/sgrlLab/v1
C:/Users/gviau/Documents/Unity/sgrlLab/v1
>>>>>>> main
=======
C:/Users/xtoul/Documents/UnityThings/sgrlLab/v1
-logFile
Logs/AssetImportWorker0.log
-srvPort
60897
Successfully changed project path to: C:/Users/xtoul/Documents/UnityThings/sgrlLab/v1
C:/Users/xtoul/Documents/UnityThings/sgrlLab/v1
>>>>>>> Stashed changes
[UnityMemory] Configuration Parameters - Can be set up in boot.config
    "memorysetup-bucket-allocator-granularity=16"
    "memorysetup-bucket-allocator-bucket-count=8"
    "memorysetup-bucket-allocator-block-size=33554432"
    "memorysetup-bucket-allocator-block-count=8"
    "memorysetup-main-allocator-block-size=16777216"
    "memorysetup-thread-allocator-block-size=16777216"
    "memorysetup-gfx-main-allocator-block-size=16777216"
    "memorysetup-gfx-thread-allocator-block-size=16777216"
    "memorysetup-cache-allocator-block-size=4194304"
    "memorysetup-typetree-allocator-block-size=2097152"
    "memorysetup-profiler-bucket-allocator-granularity=16"
    "memorysetup-profiler-bucket-allocator-bucket-count=8"
    "memorysetup-profiler-bucket-allocator-block-size=33554432"
    "memorysetup-profiler-bucket-allocator-block-count=8"
    "memorysetup-profiler-allocator-block-size=16777216"
    "memorysetup-profiler-editor-allocator-block-size=1048576"
    "memorysetup-temp-allocator-size-main=16777216"
    "memorysetup-job-temp-allocator-block-size=2097152"
    "memorysetup-job-temp-allocator-block-size-background=1048576"
    "memorysetup-job-temp-allocator-reduction-small-platforms=262144"
    "memorysetup-temp-allocator-size-background-worker=32768"
    "memorysetup-temp-allocator-size-job-worker=262144"
    "memorysetup-temp-allocator-size-preload-manager=33554432"
    "memorysetup-temp-allocator-size-nav-mesh-worker=65536"
    "memorysetup-temp-allocator-size-audio-worker=65536"
    "memorysetup-temp-allocator-size-cloud-worker=32768"
    "memorysetup-temp-allocator-size-gi-baking-worker=262144"
    "memorysetup-temp-allocator-size-gfx=262144"
<<<<<<< Updated upstream
<<<<<<< HEAD
Refreshing native plugins compatible for Editor in 66.07 ms, found 3 plugins.
Preloading 0 native plugins for Editor in 0.00 ms.
Initialize engine version: 2021.2.6f1 (8c4e826ba445)
[Subsystems] Discovering subsystems at path C:/Program Files/Unity 2021.2.6f1/Editor/Data/Resources/UnitySubsystems
[Subsystems] Discovering subsystems at path C:/Users/amarcell/Documents/un/sgrlLab/v1/Assets
GfxDevice: creating device client; threaded=0; jobified=0
Direct3D:
    Version:  Direct3D 11.0 [level 11.1]
    Renderer: NVIDIA GeForce RTX 2060 SUPER (ID=0x1f06)
    Vendor:   NVIDIA
    VRAM:     8031 MB
    Driver:   30.0.14.9709
Initialize mono
Mono path[0] = 'C:/Program Files/Unity 2021.2.6f1/Editor/Data/Managed'
Mono path[1] = 'C:/Program Files/Unity 2021.2.6f1/Editor/Data/MonoBleedingEdge/lib/mono/unityjit-win32'
Mono config path = 'C:/Program Files/Unity 2021.2.6f1/Editor/Data/MonoBleedingEdge/etc'
Using monoOptions --debugger-agent=transport=dt_socket,embedding=1,server=y,suspend=n,address=127.0.0.1:56184
Begin MonoManager ReloadAssembly
Registering precompiled unity dll's ...
Register platform support module: C:/Program Files/Unity 2021.2.6f1/Editor/Data/PlaybackEngines/WindowsStandaloneSupport/UnityEditor.WindowsStandalone.Extensions.dll
Registered in 0.002819 seconds.
Native extension for WindowsStandalone target not found
Refreshing native plugins compatible for Editor in 66.17 ms, found 3 plugins.
Preloading 0 native plugins for Editor in 0.00 ms.
Mono: successfully reloaded assembly
- Completed reload, in  0.515 seconds
Domain Reload Profiling:
	ReloadAssembly (515ms)
		BeginReloadAssembly (57ms)
=======
Refreshing native plugins compatible for Editor in 66.56 ms, found 3 plugins.
=======
Refreshing native plugins compatible for Editor in 67.89 ms, found 3 plugins.
>>>>>>> Stashed changes
Preloading 0 native plugins for Editor in 0.00 ms.
Initialize engine version: 2021.2.6f1 (8c4e826ba445)
[Subsystems] Discovering subsystems at path C:/Program Files/Unity 2021.2.6f1/Editor/Data/Resources/UnitySubsystems
[Subsystems] Discovering subsystems at path C:/Users/xtoul/Documents/UnityThings/sgrlLab/v1/Assets
GfxDevice: creating device client; threaded=0; jobified=0
Direct3D:
    Version:  Direct3D 11.0 [level 11.1]
    Renderer: Intel(R) UHD Graphics 630 (ID=0x9bc5)
    Vendor:   Intel
    VRAM:     16240 MB
    Driver:   27.20.100.8935
Initialize mono
Mono path[0] = 'C:/Program Files/Unity 2021.2.6f1/Editor/Data/Managed'
Mono path[1] = 'C:/Program Files/Unity 2021.2.6f1/Editor/Data/MonoBleedingEdge/lib/mono/unityjit-win32'
Mono config path = 'C:/Program Files/Unity 2021.2.6f1/Editor/Data/MonoBleedingEdge/etc'
Using monoOptions --debugger-agent=transport=dt_socket,embedding=1,server=y,suspend=n,address=127.0.0.1:56272
Begin MonoManager ReloadAssembly
Registering precompiled unity dll's ...
Register platform support module: C:/Program Files/Unity 2021.2.6f1/Editor/Data/PlaybackEngines/WindowsStandaloneSupport/UnityEditor.WindowsStandalone.Extensions.dll
Registered in 0.002780 seconds.
Native extension for WindowsStandalone target not found
Refreshing native plugins compatible for Editor in 67.06 ms, found 3 plugins.
Preloading 0 native plugins for Editor in 0.00 ms.
Mono: successfully reloaded assembly
- Completed reload, in  0.513 seconds
Domain Reload Profiling:
<<<<<<< Updated upstream
	ReloadAssembly (507ms)
		BeginReloadAssembly (56ms)
>>>>>>> main
=======
	ReloadAssembly (514ms)
		BeginReloadAssembly (60ms)
>>>>>>> Stashed changes
			ExecutionOrderSort (0ms)
			DisableScriptedObjects (0ms)
			BackupInstance (0ms)
			ReleaseScriptingObjects (0ms)
			CreateAndSetChildDomain (1ms)
<<<<<<< Updated upstream
<<<<<<< HEAD
		EndReloadAssembly (394ms)
			LoadAssemblies (55ms)
			RebuildTransferFunctionScriptingTraits (0ms)
			SetupTypeCache (88ms)
			ReleaseScriptCaches (0ms)
			RebuildScriptCaches (25ms)
			SetupLoadedEditorAssemblies (239ms)
=======
		EndReloadAssembly (387ms)
			LoadAssemblies (54ms)
			RebuildTransferFunctionScriptingTraits (0ms)
			SetupTypeCache (86ms)
			ReleaseScriptCaches (0ms)
			RebuildScriptCaches (23ms)
			SetupLoadedEditorAssemblies (236ms)
>>>>>>> main
=======
		EndReloadAssembly (391ms)
			LoadAssemblies (58ms)
			RebuildTransferFunctionScriptingTraits (0ms)
			SetupTypeCache (86ms)
			ReleaseScriptCaches (0ms)
			RebuildScriptCaches (24ms)
			SetupLoadedEditorAssemblies (238ms)
>>>>>>> Stashed changes
				LogAssemblyErrors (0ms)
				InitializePlatformSupportModulesInManaged (12ms)
				SetLoadedEditorAssemblies (0ms)
				RefreshPlugins (67ms)
				BeforeProcessingInitializeOnLoad (1ms)
<<<<<<< HEAD
				ProcessInitializeOnLoadAttributes (122ms)
				ProcessInitializeOnLoadMethodAttributes (37ms)
=======
				ProcessInitializeOnLoadAttributes (120ms)
<<<<<<< Updated upstream
				ProcessInitializeOnLoadMethodAttributes (36ms)
>>>>>>> main
=======
				ProcessInitializeOnLoadMethodAttributes (38ms)
>>>>>>> Stashed changes
				AfterProcessingInitializeOnLoad (0ms)
				EditorAssembliesLoaded (0ms)
			ExecutionOrderSort2 (0ms)
			AwakeInstancesAfterBackupRestoration (0ms)
Platform modules already initialized, skipping
Registering precompiled user dll's ...
<<<<<<< Updated upstream
<<<<<<< HEAD
Registered in 0.004381 seconds.
Begin MonoManager ReloadAssembly
Symbol file LoadedFromMemory doesn't match image C:\Users\amarcell\Documents\un\sgrlLab\v1\Library\PackageCache\com.unity.visualscripting@1.7.5\Editor\VisualScripting.Core\Dependencies\YamlDotNet\Unity.VisualScripting.YamlDotNet.dll
Symbol file LoadedFromMemory doesn't match image C:\Users\amarcell\Documents\un\sgrlLab\v1\Library\PackageCache\com.unity.visualscripting@1.7.5\Editor\VisualScripting.Core\Dependencies\DotNetZip\Unity.VisualScripting.IonicZip.dll
Native extension for WindowsStandalone target not found
Refreshing native plugins compatible for Editor in 0.44 ms, found 3 plugins.
Preloading 0 native plugins for Editor in 0.00 ms.
Mono: successfully reloaded assembly
- Completed reload, in  0.830 seconds
Domain Reload Profiling:
	ReloadAssembly (831ms)
		BeginReloadAssembly (92ms)
			ExecutionOrderSort (0ms)
			DisableScriptedObjects (6ms)
			BackupInstance (0ms)
			ReleaseScriptingObjects (0ms)
			CreateAndSetChildDomain (16ms)
		EndReloadAssembly (657ms)
			LoadAssemblies (60ms)
			RebuildTransferFunctionScriptingTraits (0ms)
			SetupTypeCache (215ms)
			ReleaseScriptCaches (1ms)
			RebuildScriptCaches (40ms)
			SetupLoadedEditorAssemblies (307ms)
				LogAssemblyErrors (0ms)
				InitializePlatformSupportModulesInManaged (9ms)
				SetLoadedEditorAssemblies (0ms)
				RefreshPlugins (0ms)
				BeforeProcessingInitializeOnLoad (74ms)
				ProcessInitializeOnLoadAttributes (195ms)
				ProcessInitializeOnLoadMethodAttributes (22ms)
				AfterProcessingInitializeOnLoad (6ms)
				EditorAssembliesLoaded (0ms)
			ExecutionOrderSort2 (0ms)
			AwakeInstancesAfterBackupRestoration (5ms)
=======
Registered in 0.004311 seconds.
=======
Registered in 0.004139 seconds.
>>>>>>> Stashed changes
Begin MonoManager ReloadAssembly
Symbol file LoadedFromMemory doesn't match image C:\Users\xtoul\Documents\UnityThings\sgrlLab\v1\Library\PackageCache\com.unity.visualscripting@1.7.5\Editor\VisualScripting.Core\Dependencies\YamlDotNet\Unity.VisualScripting.YamlDotNet.dll
Symbol file LoadedFromMemory doesn't match image C:\Users\xtoul\Documents\UnityThings\sgrlLab\v1\Library\PackageCache\com.unity.visualscripting@1.7.5\Editor\VisualScripting.Core\Dependencies\DotNetZip\Unity.VisualScripting.IonicZip.dll
Native extension for WindowsStandalone target not found
Refreshing native plugins compatible for Editor in 0.47 ms, found 3 plugins.
Preloading 0 native plugins for Editor in 0.00 ms.
Mono: successfully reloaded assembly
- Completed reload, in  0.807 seconds
Domain Reload Profiling:
	ReloadAssembly (807ms)
		BeginReloadAssembly (87ms)
			ExecutionOrderSort (0ms)
			DisableScriptedObjects (5ms)
			BackupInstance (0ms)
			ReleaseScriptingObjects (0ms)
			CreateAndSetChildDomain (16ms)
		EndReloadAssembly (640ms)
			LoadAssemblies (58ms)
			RebuildTransferFunctionScriptingTraits (0ms)
			SetupTypeCache (212ms)
			ReleaseScriptCaches (1ms)
			RebuildScriptCaches (43ms)
			SetupLoadedEditorAssemblies (293ms)
				LogAssemblyErrors (0ms)
				InitializePlatformSupportModulesInManaged (9ms)
				SetLoadedEditorAssemblies (0ms)
				RefreshPlugins (1ms)
				BeforeProcessingInitializeOnLoad (68ms)
				ProcessInitializeOnLoadAttributes (191ms)
				ProcessInitializeOnLoadMethodAttributes (19ms)
				AfterProcessingInitializeOnLoad (5ms)
				EditorAssembliesLoaded (0ms)
			ExecutionOrderSort2 (0ms)
			AwakeInstancesAfterBackupRestoration (4ms)
>>>>>>> main
Platform modules already initialized, skipping
========================================================================
Worker process is ready to serve import requests
Launched and connected shader compiler UnityShaderCompiler.exe after 0.03 seconds
<<<<<<< Updated upstream
<<<<<<< HEAD
Refreshing native plugins compatible for Editor in 0.44 ms, found 3 plugins.
Preloading 0 native plugins for Editor in 0.00 ms.
Unloading 3212 Unused Serialized files (Serialized files now loaded: 0)
Unloading 26 unused Assets / (112.6 KB). Loaded Objects now: 3668.
Memory consumption went from 111.9 MB to 111.7 MB.
Total: 2.440500 ms (FindLiveObjects: 0.239100 ms CreateObjectMapping: 0.207600 ms MarkObjects: 1.906700 ms  DeleteObjects: 0.086100 ms)
=======
Refreshing native plugins compatible for Editor in 0.50 ms, found 3 plugins.
Preloading 0 native plugins for Editor in 0.00 ms.
Unloading 3212 Unused Serialized files (Serialized files now loaded: 0)
Unloading 26 unused Assets / (112.5 KB). Loaded Objects now: 3668.
Memory consumption went from 111.9 MB to 111.7 MB.
Total: 3.971000 ms (FindLiveObjects: 0.271100 ms CreateObjectMapping: 0.221900 ms MarkObjects: 3.342700 ms  DeleteObjects: 0.134400 ms)
>>>>>>> main
=======
Refreshing native plugins compatible for Editor in 0.46 ms, found 3 plugins.
Preloading 0 native plugins for Editor in 0.00 ms.
Unloading 3213 Unused Serialized files (Serialized files now loaded: 0)
Unloading 26 unused Assets / (112.3 KB). Loaded Objects now: 3669.
Memory consumption went from 111.9 MB to 111.8 MB.
Total: 2.593600 ms (FindLiveObjects: 0.257800 ms CreateObjectMapping: 0.226100 ms MarkObjects: 2.027000 ms  DeleteObjects: 0.082000 ms)
>>>>>>> Stashed changes

AssetImportParameters requested are different than current active one (requested -> active):
  custom:video-decoder-ogg-theora: a1e56fd34408186e4bbccfd4996cb3dc -> 
  custom:container-muxer-webm: aa71ff27fc2769a1b78a27578f13a17b -> 
  custom:container-demuxer-webm: 4f35f7cbe854078d1ac9338744f61a02 -> 
  custom:video-encoder-webm-vp8: eb34c28f22e8b96e1ab97ce403110664 -> 
  custom:audio-encoder-webm-vorbis: bf7c407c2cedff20999df2af8eb42d56 -> 
  custom:framework-win-MediaFoundation: 216162199b28c13a410421893ffa2e32 -> 
  custom:container-demuxer-ogg: 62fdf1f143b41e24485cea50d1cbac27 -> 
  custom:video-decoder-webm-vp8: 9c59270c3fd7afecdb556c50c9e8de78 -> 
  custom:audio-decoder-ogg-vorbis: bf7c407c2cedff20999df2af8eb42d56 -> 
========================================================================
Received Import Request.
<<<<<<< Updated upstream
<<<<<<< HEAD
  Time since last request: 8175.804385 seconds.
  path: Assets/Scenes
  artifactKey: Guid(6ea315d0fd7389c41b19996891e99ae3) Importer(815301076,1909f56bfc062723c751e8b465ee728b)
Start importing Assets/Scenes using Guid(6ea315d0fd7389c41b19996891e99ae3) Importer(815301076,1909f56bfc062723c751e8b465ee728b)  -> (artifact id: 'bc172811d573b296104adb4d2728db37') in 0.004533 seconds 
========================================================================
Received Import Request.
  Time since last request: 25.559825 seconds.
  path: Assets
  artifactKey: Guid(00000000000000001000000000000000) Importer(815301076,1909f56bfc062723c751e8b465ee728b)
Start importing Assets using Guid(00000000000000001000000000000000) Importer(815301076,1909f56bfc062723c751e8b465ee728b)  -> (artifact id: '79842766b460edbeab6a34051e857a80') in 0.001049 seconds 
========================================================================
Received Prepare
Registering precompiled user dll's ...
Registered in 0.005254 seconds.
Begin MonoManager ReloadAssembly
Symbol file LoadedFromMemory doesn't match image C:\Users\amarcell\Documents\un\sgrlLab\v1\Library\PackageCache\com.unity.visualscripting@1.7.5\Editor\VisualScripting.Core\Dependencies\YamlDotNet\Unity.VisualScripting.YamlDotNet.dll
Symbol file LoadedFromMemory doesn't match image C:\Users\amarcell\Documents\un\sgrlLab\v1\Library\PackageCache\com.unity.visualscripting@1.7.5\Editor\VisualScripting.Core\Dependencies\DotNetZip\Unity.VisualScripting.IonicZip.dll
Native extension for WindowsStandalone target not found
Refreshing native plugins compatible for Editor in 0.49 ms, found 3 plugins.
Preloading 0 native plugins for Editor in 0.00 ms.
Mono: successfully reloaded assembly
- Completed reload, in  0.845 seconds
Domain Reload Profiling:
	ReloadAssembly (845ms)
		BeginReloadAssembly (108ms)
			ExecutionOrderSort (0ms)
			DisableScriptedObjects (5ms)
			BackupInstance (0ms)
			ReleaseScriptingObjects (0ms)
			CreateAndSetChildDomain (27ms)
		EndReloadAssembly (653ms)
			LoadAssemblies (60ms)
			RebuildTransferFunctionScriptingTraits (0ms)
			SetupTypeCache (236ms)
			ReleaseScriptCaches (2ms)
			RebuildScriptCaches (39ms)
			SetupLoadedEditorAssemblies (266ms)
				LogAssemblyErrors (0ms)
				InitializePlatformSupportModulesInManaged (12ms)
				SetLoadedEditorAssemblies (0ms)
				RefreshPlugins (1ms)
				BeforeProcessingInitializeOnLoad (57ms)
				ProcessInitializeOnLoadAttributes (174ms)
				ProcessInitializeOnLoadMethodAttributes (17ms)
				AfterProcessingInitializeOnLoad (5ms)
				EditorAssembliesLoaded (0ms)
			ExecutionOrderSort2 (0ms)
			AwakeInstancesAfterBackupRestoration (6ms)
Platform modules already initialized, skipping
Refreshing native plugins compatible for Editor in 0.46 ms, found 3 plugins.
Preloading 0 native plugins for Editor in 0.00 ms.
Unloading 3210 Unused Serialized files (Serialized files now loaded: 0)
Unloading 21 unused Assets / (79.2 KB). Loaded Objects now: 3673.
Memory consumption went from 111.9 MB to 111.8 MB.
Total: 2.314100 ms (FindLiveObjects: 0.226100 ms CreateObjectMapping: 0.172800 ms MarkObjects: 1.854500 ms  DeleteObjects: 0.060100 ms)

AssetImportParameters requested are different than current active one (requested -> active):
  custom:video-decoder-ogg-theora: a1e56fd34408186e4bbccfd4996cb3dc -> 
  custom:container-muxer-webm: aa71ff27fc2769a1b78a27578f13a17b -> 
  custom:container-demuxer-webm: 4f35f7cbe854078d1ac9338744f61a02 -> 
  custom:video-encoder-webm-vp8: eb34c28f22e8b96e1ab97ce403110664 -> 
  custom:audio-encoder-webm-vorbis: bf7c407c2cedff20999df2af8eb42d56 -> 
  custom:framework-win-MediaFoundation: 216162199b28c13a410421893ffa2e32 -> 
  custom:container-demuxer-ogg: 62fdf1f143b41e24485cea50d1cbac27 -> 
  custom:video-decoder-webm-vp8: 9c59270c3fd7afecdb556c50c9e8de78 -> 
  custom:audio-decoder-ogg-vorbis: bf7c407c2cedff20999df2af8eb42d56 -> 
========================================================================
Received Import Request.
  Time since last request: 27.218286 seconds.
  path: Assets/Scenes 1/SampleScene.unity
  artifactKey: Guid(d6b85a84a7ff7c64cb590c67bca7a737) Importer(815301076,1909f56bfc062723c751e8b465ee728b)
Start importing Assets/Scenes 1/SampleScene.unity using Guid(d6b85a84a7ff7c64cb590c67bca7a737) Importer(815301076,1909f56bfc062723c751e8b465ee728b)  -> (artifact id: 'b9a3a939a2d6eccfea09dac6ec440ef1') in 0.012757 seconds 
========================================================================
Received Prepare
Registering precompiled user dll's ...
Registered in 0.004342 seconds.
Begin MonoManager ReloadAssembly
Symbol file LoadedFromMemory doesn't match image C:\Users\amarcell\Documents\un\sgrlLab\v1\Library\PackageCache\com.unity.visualscripting@1.7.5\Editor\VisualScripting.Core\Dependencies\YamlDotNet\Unity.VisualScripting.YamlDotNet.dll
Symbol file LoadedFromMemory doesn't match image C:\Users\amarcell\Documents\un\sgrlLab\v1\Library\PackageCache\com.unity.visualscripting@1.7.5\Editor\VisualScripting.Core\Dependencies\DotNetZip\Unity.VisualScripting.IonicZip.dll
Native extension for WindowsStandalone target not found
Refreshing native plugins compatible for Editor in 0.78 ms, found 3 plugins.
Preloading 0 native plugins for Editor in 0.00 ms.
Mono: successfully reloaded assembly
- Completed reload, in  0.902 seconds
Domain Reload Profiling:
	ReloadAssembly (903ms)
		BeginReloadAssembly (111ms)
			ExecutionOrderSort (0ms)
			DisableScriptedObjects (5ms)
			BackupInstance (0ms)
			ReleaseScriptingObjects (0ms)
			CreateAndSetChildDomain (28ms)
		EndReloadAssembly (691ms)
			LoadAssemblies (68ms)
			RebuildTransferFunctionScriptingTraits (0ms)
			SetupTypeCache (233ms)
			ReleaseScriptCaches (1ms)
			RebuildScriptCaches (40ms)
			SetupLoadedEditorAssemblies (306ms)
=======
  Time since last request: 20680.966479 seconds.
  path: Assets
  artifactKey: Guid(00000000000000001000000000000000) Importer(815301076,1909f56bfc062723c751e8b465ee728b)
Start importing Assets using Guid(00000000000000001000000000000000) Importer(815301076,1909f56bfc062723c751e8b465ee728b)  -> (artifact id: '79842766b460edbeab6a34051e857a80') in 0.005638 seconds 
========================================================================
Received Import Request.
  Time since last request: 4.387609 seconds.
  path: Assets/Script
  artifactKey: Guid(aa50f88bcf463204bb3828479a0d938b) Importer(815301076,1909f56bfc062723c751e8b465ee728b)
Start importing Assets/Script using Guid(aa50f88bcf463204bb3828479a0d938b) Importer(815301076,1909f56bfc062723c751e8b465ee728b)  -> (artifact id: '82f629e5f6eb96742ce938b5e5d523b2') in 0.001484 seconds 
=======
  Time since last request: 8134.137766 seconds.
  path: Assets/Scenes
  artifactKey: Guid(6ea315d0fd7389c41b19996891e99ae3) Importer(815301076,1909f56bfc062723c751e8b465ee728b)
Start importing Assets/Scenes using Guid(6ea315d0fd7389c41b19996891e99ae3) Importer(815301076,1909f56bfc062723c751e8b465ee728b)  -> (artifact id: 'b8193726cff86800c54781cdc6d54904') in 0.004704 seconds 
>>>>>>> Stashed changes
========================================================================
Received Import Request.
  Time since last request: 21.771725 seconds.
  path: Assets/Scenes/1.unity
  artifactKey: Guid(e92c4fb1d4173ad49a7ce1d0b6433290) Importer(815301076,1909f56bfc062723c751e8b465ee728b)
Start importing Assets/Scenes/1.unity using Guid(e92c4fb1d4173ad49a7ce1d0b6433290) Importer(815301076,1909f56bfc062723c751e8b465ee728b)  -> (artifact id: '61ff3d35816cfabb686872b3aad972dd') in 0.008474 seconds 
========================================================================
Received Prepare
Registering precompiled user dll's ...
Registered in 0.003778 seconds.
Begin MonoManager ReloadAssembly
Symbol file LoadedFromMemory doesn't match image C:\Users\xtoul\Documents\UnityThings\sgrlLab\v1\Library\PackageCache\com.unity.visualscripting@1.7.5\Editor\VisualScripting.Core\Dependencies\YamlDotNet\Unity.VisualScripting.YamlDotNet.dll
Symbol file LoadedFromMemory doesn't match image C:\Users\xtoul\Documents\UnityThings\sgrlLab\v1\Library\PackageCache\com.unity.visualscripting@1.7.5\Editor\VisualScripting.Core\Dependencies\DotNetZip\Unity.VisualScripting.IonicZip.dll
Native extension for WindowsStandalone target not found
Refreshing native plugins compatible for Editor in 0.47 ms, found 3 plugins.
Preloading 0 native plugins for Editor in 0.00 ms.
Mono: successfully reloaded assembly
- Completed reload, in  0.790 seconds
Domain Reload Profiling:
	ReloadAssembly (790ms)
		BeginReloadAssembly (104ms)
			ExecutionOrderSort (0ms)
			DisableScriptedObjects (5ms)
			BackupInstance (0ms)
			ReleaseScriptingObjects (0ms)
			CreateAndSetChildDomain (27ms)
		EndReloadAssembly (609ms)
			LoadAssemblies (57ms)
			RebuildTransferFunctionScriptingTraits (0ms)
			SetupTypeCache (228ms)
			ReleaseScriptCaches (1ms)
			RebuildScriptCaches (34ms)
			SetupLoadedEditorAssemblies (253ms)
				LogAssemblyErrors (0ms)
				InitializePlatformSupportModulesInManaged (10ms)
				SetLoadedEditorAssemblies (0ms)
				RefreshPlugins (1ms)
				BeforeProcessingInitializeOnLoad (59ms)
				ProcessInitializeOnLoadAttributes (161ms)
				ProcessInitializeOnLoadMethodAttributes (17ms)
				AfterProcessingInitializeOnLoad (5ms)
				EditorAssembliesLoaded (0ms)
			ExecutionOrderSort2 (0ms)
			AwakeInstancesAfterBackupRestoration (5ms)
Platform modules already initialized, skipping
Refreshing native plugins compatible for Editor in 0.43 ms, found 3 plugins.
Preloading 0 native plugins for Editor in 0.00 ms.
Unloading 3225 Unused Serialized files (Serialized files now loaded: 0)
Unloading 34 unused Assets / (0.7 MB). Loaded Objects now: 3675.
Memory consumption went from 114.0 MB to 113.3 MB.
Total: 2.414200 ms (FindLiveObjects: 0.232000 ms CreateObjectMapping: 0.188100 ms MarkObjects: 1.741700 ms  DeleteObjects: 0.251800 ms)

AssetImportParameters requested are different than current active one (requested -> active):
  custom:video-decoder-ogg-theora: a1e56fd34408186e4bbccfd4996cb3dc -> 
  custom:container-muxer-webm: aa71ff27fc2769a1b78a27578f13a17b -> 
  custom:container-demuxer-webm: 4f35f7cbe854078d1ac9338744f61a02 -> 
  custom:video-encoder-webm-vp8: eb34c28f22e8b96e1ab97ce403110664 -> 
  custom:audio-encoder-webm-vorbis: bf7c407c2cedff20999df2af8eb42d56 -> 
  custom:framework-win-MediaFoundation: 216162199b28c13a410421893ffa2e32 -> 
  custom:container-demuxer-ogg: 62fdf1f143b41e24485cea50d1cbac27 -> 
  custom:video-decoder-webm-vp8: 9c59270c3fd7afecdb556c50c9e8de78 -> 
  custom:audio-decoder-ogg-vorbis: bf7c407c2cedff20999df2af8eb42d56 -> 
========================================================================
Received Prepare
Registering precompiled user dll's ...
Registered in 0.004531 seconds.
Begin MonoManager ReloadAssembly
Symbol file LoadedFromMemory doesn't match image C:\Users\xtoul\Documents\UnityThings\sgrlLab\v1\Library\PackageCache\com.unity.visualscripting@1.7.5\Editor\VisualScripting.Core\Dependencies\YamlDotNet\Unity.VisualScripting.YamlDotNet.dll
Symbol file LoadedFromMemory doesn't match image C:\Users\xtoul\Documents\UnityThings\sgrlLab\v1\Library\PackageCache\com.unity.visualscripting@1.7.5\Editor\VisualScripting.Core\Dependencies\DotNetZip\Unity.VisualScripting.IonicZip.dll
Native extension for WindowsStandalone target not found
Refreshing native plugins compatible for Editor in 0.48 ms, found 3 plugins.
Preloading 0 native plugins for Editor in 0.00 ms.
Mono: successfully reloaded assembly
- Completed reload, in  0.807 seconds
Domain Reload Profiling:
	ReloadAssembly (808ms)
		BeginReloadAssembly (101ms)
			ExecutionOrderSort (0ms)
			DisableScriptedObjects (5ms)
			BackupInstance (0ms)
			ReleaseScriptingObjects (0ms)
			CreateAndSetChildDomain (26ms)
		EndReloadAssembly (630ms)
			LoadAssemblies (59ms)
			RebuildTransferFunctionScriptingTraits (0ms)
			SetupTypeCache (210ms)
			ReleaseScriptCaches (1ms)
<<<<<<< Updated upstream
			RebuildScriptCaches (36ms)
			SetupLoadedEditorAssemblies (258ms)
>>>>>>> main
=======
			RebuildScriptCaches (38ms)
			SetupLoadedEditorAssemblies (282ms)
>>>>>>> Stashed changes
				LogAssemblyErrors (0ms)
				InitializePlatformSupportModulesInManaged (10ms)
				SetLoadedEditorAssemblies (0ms)
				RefreshPlugins (1ms)
				BeforeProcessingInitializeOnLoad (56ms)
				ProcessInitializeOnLoadAttributes (185ms)
				ProcessInitializeOnLoadMethodAttributes (22ms)
				AfterProcessingInitializeOnLoad (7ms)
				EditorAssembliesLoaded (0ms)
			ExecutionOrderSort2 (0ms)
			AwakeInstancesAfterBackupRestoration (6ms)
Platform modules already initialized, skipping
Refreshing native plugins compatible for Editor in 0.66 ms, found 3 plugins.
Preloading 0 native plugins for Editor in 0.00 ms.
Unloading 3225 Unused Serialized files (Serialized files now loaded: 0)
Unloading 34 unused Assets / (0.7 MB). Loaded Objects now: 3677.
Memory consumption went from 114.0 MB to 113.3 MB.
Total: 3.838900 ms (FindLiveObjects: 0.647300 ms CreateObjectMapping: 0.323200 ms MarkObjects: 2.510900 ms  DeleteObjects: 0.355200 ms)

AssetImportParameters requested are different than current active one (requested -> active):
  custom:video-decoder-ogg-theora: a1e56fd34408186e4bbccfd4996cb3dc -> 
  custom:container-muxer-webm: aa71ff27fc2769a1b78a27578f13a17b -> 
  custom:container-demuxer-webm: 4f35f7cbe854078d1ac9338744f61a02 -> 
  custom:video-encoder-webm-vp8: eb34c28f22e8b96e1ab97ce403110664 -> 
  custom:audio-encoder-webm-vorbis: bf7c407c2cedff20999df2af8eb42d56 -> 
  custom:framework-win-MediaFoundation: 216162199b28c13a410421893ffa2e32 -> 
  custom:container-demuxer-ogg: 62fdf1f143b41e24485cea50d1cbac27 -> 
  custom:video-decoder-webm-vp8: 9c59270c3fd7afecdb556c50c9e8de78 -> 
  custom:audio-decoder-ogg-vorbis: bf7c407c2cedff20999df2af8eb42d56 -> 
========================================================================
Received Prepare
Registering precompiled user dll's ...
Registered in 0.004267 seconds.
Begin MonoManager ReloadAssembly
Symbol file LoadedFromMemory doesn't match image C:\Users\xtoul\Documents\UnityThings\sgrlLab\v1\Library\PackageCache\com.unity.visualscripting@1.7.5\Editor\VisualScripting.Core\Dependencies\YamlDotNet\Unity.VisualScripting.YamlDotNet.dll
Symbol file LoadedFromMemory doesn't match image C:\Users\xtoul\Documents\UnityThings\sgrlLab\v1\Library\PackageCache\com.unity.visualscripting@1.7.5\Editor\VisualScripting.Core\Dependencies\DotNetZip\Unity.VisualScripting.IonicZip.dll
Native extension for WindowsStandalone target not found
Refreshing native plugins compatible for Editor in 0.74 ms, found 3 plugins.
Preloading 0 native plugins for Editor in 0.00 ms.
Mono: successfully reloaded assembly
- Completed reload, in  0.929 seconds
Domain Reload Profiling:
	ReloadAssembly (929ms)
		BeginReloadAssembly (102ms)
			ExecutionOrderSort (0ms)
			DisableScriptedObjects (5ms)
			BackupInstance (0ms)
			ReleaseScriptingObjects (0ms)
			CreateAndSetChildDomain (26ms)
		EndReloadAssembly (750ms)
			LoadAssemblies (57ms)
			RebuildTransferFunctionScriptingTraits (0ms)
			SetupTypeCache (229ms)
			ReleaseScriptCaches (1ms)
			RebuildScriptCaches (51ms)
			SetupLoadedEditorAssemblies (348ms)
				LogAssemblyErrors (0ms)
				InitializePlatformSupportModulesInManaged (16ms)
				SetLoadedEditorAssemblies (1ms)
				RefreshPlugins (1ms)
<<<<<<< Updated upstream
<<<<<<< HEAD
				BeforeProcessingInitializeOnLoad (63ms)
				ProcessInitializeOnLoadAttributes (199ms)
				ProcessInitializeOnLoadMethodAttributes (23ms)
				AfterProcessingInitializeOnLoad (8ms)
				EditorAssembliesLoaded (0ms)
			ExecutionOrderSort2 (0ms)
			AwakeInstancesAfterBackupRestoration (7ms)
Platform modules already initialized, skipping
Refreshing native plugins compatible for Editor in 0.64 ms, found 3 plugins.
Preloading 0 native plugins for Editor in 0.00 ms.
Unloading 3210 Unused Serialized files (Serialized files now loaded: 0)
Unloading 21 unused Assets / (79.4 KB). Loaded Objects now: 3675.
Memory consumption went from 111.9 MB to 111.8 MB.
Total: 2.609900 ms (FindLiveObjects: 0.255300 ms CreateObjectMapping: 0.226800 ms MarkObjects: 2.058000 ms  DeleteObjects: 0.068800 ms)
=======
				BeforeProcessingInitializeOnLoad (57ms)
				ProcessInitializeOnLoadAttributes (167ms)
				ProcessInitializeOnLoadMethodAttributes (17ms)
=======
				BeforeProcessingInitializeOnLoad (85ms)
				ProcessInitializeOnLoadAttributes (218ms)
				ProcessInitializeOnLoadMethodAttributes (22ms)
>>>>>>> Stashed changes
				AfterProcessingInitializeOnLoad (6ms)
				EditorAssembliesLoaded (0ms)
			ExecutionOrderSort2 (0ms)
			AwakeInstancesAfterBackupRestoration (6ms)
Platform modules already initialized, skipping
Refreshing native plugins compatible for Editor in 0.57 ms, found 3 plugins.
Preloading 0 native plugins for Editor in 0.00 ms.
<<<<<<< Updated upstream
Unloading 3208 Unused Serialized files (Serialized files now loaded: 0)
Unloading 21 unused Assets / (79.2 KB). Loaded Objects now: 3671.
Memory consumption went from 112.0 MB to 111.9 MB.
Total: 2.401400 ms (FindLiveObjects: 0.250300 ms CreateObjectMapping: 0.211800 ms MarkObjects: 1.865700 ms  DeleteObjects: 0.072400 ms)
>>>>>>> main
=======
Unloading 3225 Unused Serialized files (Serialized files now loaded: 0)
Unloading 34 unused Assets / (0.7 MB). Loaded Objects now: 3679.
Memory consumption went from 114.0 MB to 113.3 MB.
Total: 3.330300 ms (FindLiveObjects: 0.272900 ms CreateObjectMapping: 0.298300 ms MarkObjects: 2.425700 ms  DeleteObjects: 0.332400 ms)
>>>>>>> Stashed changes

AssetImportParameters requested are different than current active one (requested -> active):
  custom:video-decoder-ogg-theora: a1e56fd34408186e4bbccfd4996cb3dc -> 
  custom:container-muxer-webm: aa71ff27fc2769a1b78a27578f13a17b -> 
  custom:container-demuxer-webm: 4f35f7cbe854078d1ac9338744f61a02 -> 
  custom:video-encoder-webm-vp8: eb34c28f22e8b96e1ab97ce403110664 -> 
  custom:audio-encoder-webm-vorbis: bf7c407c2cedff20999df2af8eb42d56 -> 
  custom:framework-win-MediaFoundation: 216162199b28c13a410421893ffa2e32 -> 
  custom:container-demuxer-ogg: 62fdf1f143b41e24485cea50d1cbac27 -> 
  custom:video-decoder-webm-vp8: 9c59270c3fd7afecdb556c50c9e8de78 -> 
  custom:audio-decoder-ogg-vorbis: bf7c407c2cedff20999df2af8eb42d56 -> 
